<?xml version="1.0" encoding="UTF-8"?>
<!-- Generated by org.testng.reporters.JUnitReportReporter -->
<testsuite hostname="LAPTOP-PD226Q4S" failures="0" tests="5" name="org.testng.ParameterizationExample" time="14.034" errors="0" timestamp="2022-06-02T13:11:15 IST" skipped="0">
  <testcase classname="org.testng.ParameterizationExample" name="login" time="4.593"/>
  <system-out/>
  <testcase classname="org.testng.ParameterizationExample" name="searchHotels" time="1.433"/>
  <system-out/>
  <testcase classname="org.testng.ParameterizationExample" name="selectHotel" time="0.923"/>
  <system-out/>
  <testcase classname="org.testng.ParameterizationExample" name="bookHotel" time="0.972"/>
  <system-out/>
  <testcase classname="org.testng.ParameterizationExample" name="bookingConfirmation" time="6.113"/>
  <system-out/>
</testsuite> <!-- org.testng.ParameterizationExample -->
