<?xml version="1.0" encoding="UTF-8"?>
<!-- Generated by org.testng.reporters.JUnitReportReporter -->
<testsuite hostname="LAPTOP-PD226Q4S" failures="0" tests="4" name="testNG.SampleTestCase" time="0.027" errors="0" timestamp="2022-05-10T23:24:40 IST" skipped="0">
  <testcase classname="testNG.SampleTestCase" name="secondTestCase" time="0.004"/>
  <system-out/>
  <testcase classname="testNG.SampleTestCase" name="fouthTestCase" time="0.011"/>
  <system-out/>
  <testcase classname="testNG.SampleTestCase" name="firstTestCase" time="0.011"/>
  <system-out/>
  <testcase classname="testNG.SampleTestCase" name="thirdTestCase" time="0.001"/>
  <system-out/>
</testsuite> <!-- testNG.SampleTestCase -->
