<?xml version="1.0" encoding="UTF-8"?>
<!-- Generated by org.testng.reporters.JUnitReportReporter -->
<testsuite hostname="LAPTOP-PD226Q4S" failures="0" tests="4" name="testNG.GroupingExample" time="0.017" errors="0" timestamp="2022-05-11T19:28:06 IST" skipped="0">
  <testcase classname="testNG.GroupingExample" name="moto2" time="0.002"/>
  <system-out/>
  <testcase classname="testNG.GroupingExample" name="moto1" time="0.010"/>
  <system-out/>
  <testcase classname="testNG.GroupingExample" name="vivo1" time="0.001"/>
  <system-out/>
  <testcase classname="testNG.GroupingExample" name="vivo2" time="0.004"/>
  <system-out/>
</testsuite> <!-- testNG.GroupingExample -->
