<?xml version="1.0" encoding="UTF-8"?>
<!-- Generated by org.testng.reporters.JUnitReportReporter -->
<testsuite hostname="LAPTOP-PD226Q4S" failures="0" tests="1" name="org.fb.ExecuteAll" time="0.103" errors="0" timestamp="2022-05-12T23:01:03 IST" skipped="0">
  <testcase classname="org.fb.ExecuteAll" name="test" time="0.103"/>
  <system-out/>
</testsuite> <!-- org.fb.ExecuteAll -->
