<?xml version="1.0" encoding="UTF-8"?>
<!-- Generated by org.testng.reporters.JUnitReportReporter -->
<testsuite hostname="LAPTOP-PD226Q4S" failures="0" tests="3" name="testNG.DependenciesManagement" time="0.009" errors="0" timestamp="2022-05-10T23:24:40 IST" skipped="0">
  <testcase classname="testNG.DependenciesManagement" name="engineering" time="0.003"/>
  <system-out/>
  <testcase classname="testNG.DependenciesManagement" name="higherSecondary" time="0.003"/>
  <system-out/>
  <testcase classname="testNG.DependenciesManagement" name="highSchool" time="0.003"/>
  <system-out/>
</testsuite> <!-- testNG.DependenciesManagement -->
