<?xml version="1.0" encoding="UTF-8"?>
<!-- Generated by org.testng.reporters.JUnitReportReporter -->
<testsuite hostname="LAPTOP-PD226Q4S" failures="0" tests="1" name="testNG.AssertionExample" time="0.016" errors="0" timestamp="2022-05-11T10:11:01 IST" skipped="0">
  <testcase classname="testNG.AssertionExample" name="checkEqual" time="0.016"/>
  <system-out/>
</testsuite> <!-- testNG.AssertionExample -->
