<?xml version="1.0" encoding="UTF-8"?>
<!-- Generated by org.testng.reporters.JUnitReportReporter -->
<testsuite hostname="LAPTOP-PD226Q4S" failures="0" tests="5" name="testNG.DriveACar" time="0.015" errors="0" timestamp="2022-05-10T23:24:40 IST" skipped="0">
  <testcase classname="testNG.DriveACar" name="startTheCar" time="0.003"/>
  <system-out/>
  <testcase classname="testNG.DriveACar" name="putFirstGear" time="0.002"/>
  <system-out/>
  <testcase classname="testNG.DriveACar" name="putSecondGear" time="0.002"/>
  <system-out/>
  <testcase classname="testNG.DriveACar" name="putThirdGear" time="0.006"/>
  <system-out/>
  <testcase classname="testNG.DriveACar" name="putFourthGear" time="0.002"/>
  <system-out/>
</testsuite> <!-- testNG.DriveACar -->
