<?xml version="1.0" encoding="UTF-8"?>
<!-- Generated by org.testng.reporters.JUnitReportReporter -->
<testsuite hostname="LAPTOP-PD226Q4S" failures="0" tests="2" name="testNG.AnnotationsHierarchyExample" time="0.010" errors="0" timestamp="2022-05-11T19:12:45 IST" skipped="0">
  <testcase classname="testNG.AnnotationsHierarchyExample" name="test" time="0.006"/>
  <system-out/>
  <testcase classname="testNG.AnnotationsHierarchyExample" name="test2" time="0.004"/>
  <system-out/>
</testsuite> <!-- testNG.AnnotationsHierarchyExample -->
