<?xml version="1.0" encoding="UTF-8"?>
<!-- Generated by org.testng.reporters.JUnitReportReporter -->
<testsuite hostname="LAPTOP-PD226Q4S" failures="0" tests="1" name="testNG.ParameterizationExample" time="0.002" errors="0" timestamp="2022-05-10T23:24:40 IST" skipped="0">
  <testcase classname="testNG.ParameterizationExample" name="printName" time="0.002"/>
  <system-out/>
</testsuite> <!-- testNG.ParameterizationExample -->
