<?xml version="1.0" encoding="UTF-8"?>
<!-- Generated by org.testng.reporters.JUnitReportReporter -->
<testsuite hostname="LAPTOP-PD226Q4S" failures="0" tests="6" name="testNG.SkipATestCase" time="0.017" errors="0" timestamp="2022-05-10T23:24:40 IST" skipped="1">
  <testcase classname="testNG.SkipATestCase" name="startTheCar" time="0.001"/>
  <system-out/>
  <testcase classname="testNG.SkipATestCase" name="putFirstGear" time="0.003"/>
  <system-out/>
  <testcase classname="testNG.SkipATestCase" name="putSecondGear" time="0.002"/>
  <system-out/>
  <testcase classname="testNG.SkipATestCase" name="putThirdGear" time="0.009"/>
  <system-out/>
  <testcase classname="testNG.SkipATestCase" name="putFourthGear" time="0.002"/>
  <system-out/>
  <testcase classname="testNG.SkipATestCase" name="turnTheMusicOn">
    <skipped/>
  </testcase> <!-- turnTheMusicOn -->
  <system-out/>
</testsuite> <!-- testNG.SkipATestCase -->
