<?xml version="1.0" encoding="UTF-8"?>
<!-- Generated by org.testng.reporters.JUnitReportReporter -->
<testsuite hostname="LAPTOP-PD226Q4S" failures="0" tests="4" name="org.datadrivenframework.Login" time="25.245" errors="0" timestamp="2022-05-13T20:14:43 IST" skipped="0">
  <testcase classname="org.datadrivenframework.Login" name="loginWithCorrectUserName" time="9.015"/>
  <system-out/>
  <testcase classname="org.datadrivenframework.Login" name="loginWithCorrectUserName" time="5.096"/>
  <system-out/>
  <testcase classname="org.datadrivenframework.Login" name="loginWithCorrectUserName" time="5.172"/>
  <system-out/>
  <testcase classname="org.datadrivenframework.Login" name="loginWithCorrectUserName" time="5.962"/>
  <system-out/>
</testsuite> <!-- org.datadrivenframework.Login -->
