<?xml version="1.0" encoding="UTF-8"?>
<!-- Generated by org.testng.reporters.JUnitReportReporter -->
<testsuite hostname="LAPTOP-PD226Q4S" failures="0" tests="2" name="testNG.ParallelTesting" time="8.452" errors="0" timestamp="2022-05-10T23:24:40 IST" skipped="0">
  <testcase classname="testNG.ParallelTesting" name="openBing" time="3.593"/>
  <system-out/>
  <testcase classname="testNG.ParallelTesting" name="openGoogle" time="4.859"/>
  <system-out/>
</testsuite> <!-- testNG.ParallelTesting -->
