<?xml version="1.0" encoding="UTF-8"?>
<!-- Generated by org.testng.reporters.JUnitReportReporter -->
<testsuite hostname="LAPTOP-PD226Q4S" failures="0" tests="1" name="org.datadrivenframework.BothCorrect" time="6.989" errors="0" timestamp="2022-05-13T19:38:49 IST" skipped="0">
  <testcase classname="org.datadrivenframework.BothCorrect" name="Bothcorrect" time="6.989"/>
  <system-out/>
</testsuite> <!-- org.datadrivenframework.BothCorrect -->
