<?xml version="1.0" encoding="UTF-8"?>
<!-- Generated by org.testng.reporters.JUnitReportReporter -->
<testsuite hostname="LAPTOP-PD226Q4S" failures="0" tests="3" name="testNG.SuiteExample" time="2.300" errors="0" timestamp="2022-05-10T21:22:18 IST" skipped="0">
  <testcase classname="testNG.SuiteExample" name="openYahoo" time="0.642"/>
  <system-out/>
  <testcase classname="testNG.SuiteExample" name="openBing" time="0.478"/>
  <system-out/>
  <testcase classname="testNG.SuiteExample" name="openGoogle" time="1.180"/>
  <system-out/>
</testsuite> <!-- testNG.SuiteExample -->
