<?xml version="1.0" encoding="UTF-8"?>
<!-- Generated by org.testng.reporters.JUnitReportReporter -->
<testsuite hostname="LAPTOP-PD226Q4S" failures="0" tests="1" name="org.sample.Sample4" time="3.968" errors="0" timestamp="2022-05-28T10:30:46 IST" skipped="0">
  <testcase classname="org.sample.Sample4" name="getUsers" time="3.968"/>
  <system-out/>
</testsuite> <!-- org.sample.Sample4 -->
