<?xml version="1.0" encoding="UTF-8"?>
<!-- Generated by org.testng.reporters.JUnitReportReporter -->
<testsuite hostname="LAPTOP-PD226Q4S" failures="0" tests="1" name="org.sample.Sample5" time="2.853" errors="0" timestamp="2022-05-28T11:46:03 IST" skipped="0">
  <testcase classname="org.sample.Sample5" name="getUsers" time="2.853"/>
  <system-out/>
</testsuite> <!-- org.sample.Sample5 -->
